2026-01-11 15:59:58 | INFO | Application Layer  | burn x = 200 y = 200
2026-01-11 15:59:59 | INFO | Application Layer  | send health data
2026-01-11 16:00:00 | INFO | Application Layer  | burn x = 300 y = 400
2026-01-11 16:00:01 | INFO | Application Layer  | send health data
2026-01-11 16:00:02 | INFO | Application Layer  | exit orbit
2026-01-11 16:00:03 | INFO | Application Layer  | burn x = 300 y = 400
2026-01-11 16:00:04 | INFO | Application Layer  | send health data
2026-01-11 16:00:05 | INFO | Application Layer  | exit orbit
2026-01-11 16:01:12 | INFO | Application Layer  | burn x = 200 y = 200
2026-01-11 16:01:12 | INFO | Application Layer  | burn x = 200 y = 200
2026-01-11 16:01:13 | INFO | Application Layer  | send health data
2026-01-11 16:01:14 | INFO | Application Layer  | burn x = 300 y = 400
2026-01-11 16:01:15 | INFO | Application Layer  | send health data
2026-01-11 16:01:16 | INFO | Application Layer  | exit orbit
2026-01-11 16:01:17 | INFO | Application Layer  | burn x = 300 y = 400
2026-01-11 16:01:18 | INFO | Application Layer  | send health data
2026-01-11 16:01:19 | INFO | Application Layer  | exit orbit
2026-01-11 16:15:53 | INFO | Application Layer  | burn x = 200 y = 200
2026-01-11 16:15:54 | INFO | Application Layer  | send health data
2026-01-11 16:15:54 | INFO | Application Layer  | send health data
2026-01-11 16:15:55 | INFO | Application Layer  | burn x = 300 y = 400
2026-01-11 16:15:56 | INFO | Application Layer  | send health data
2026-01-11 16:15:57 | INFO | Application Layer  | exit orbit
2026-01-11 16:15:58 | INFO | Application Layer  | burn x = 300 y = 400
2026-01-11 16:15:59 | INFO | Application Layer  | send health data
2026-01-11 16:16:00 | INFO | Application Layer  | exit orbit
2026-01-11 16:21:27 | INFO | Application Layer  | burn x = 200 y = 200
2026-01-11 16:21:27 | INFO | Application Layer  | burn x = 200 y = 200
2026-01-11 16:21:28 | INFO | Application Layer  | send health data
2026-01-11 16:21:28 | INFO | Application Layer  | send health data
2026-01-11 16:21:29 | INFO | Application Layer  | burn x = 300 y = 400
2026-01-11 16:21:30 | INFO | Application Layer  | send health data
2026-01-11 16:21:31 | INFO | Application Layer  | exit orbit
2026-01-11 16:21:32 | INFO | Application Layer  | burn x = 300 y = 400
2026-01-11 16:21:33 | INFO | Application Layer  | send health data
2026-01-11 16:21:34 | INFO | Application Layer  | exit orbit
2026-01-11 16:26:32 | INFO | Application Layer  | burn x = 200 y = 200
2026-01-11 16:26:32 | INFO | Application Layer  | burn x = 200 y = 200
2026-01-11 16:26:33 | INFO | Application Layer  | send health data
2026-01-11 16:26:33 | INFO | Application Layer  | send health data
2026-01-11 16:26:34 | INFO | Application Layer  | burn x = 300 y = 400
2026-01-11 16:26:35 | INFO | Application Layer  | send health data
2026-01-11 16:26:36 | INFO | Application Layer  | exit orbit
2026-01-11 16:26:37 | INFO | Application Layer  | burn x = 300 y = 400
2026-01-11 16:26:38 | INFO | Application Layer  | send health data
2026-01-11 16:26:39 | INFO | Application Layer  | exit orbit
2026-01-11 16:27:17 | INFO | Application Layer  | burn x = 200 y = 200
2026-01-11 16:27:17 | INFO | Application Layer  | burn x = 200 y = 200
2026-01-11 16:27:18 | INFO | Application Layer  | send health data
2026-01-11 16:27:18 | INFO | Application Layer  | send health data
2026-01-11 16:27:19 | INFO | Application Layer  | burn x = 300 y = 400
2026-01-11 16:27:20 | INFO | Application Layer  | send health data
2026-01-11 16:27:21 | INFO | Application Layer  | exit orbit
2026-01-11 16:27:23 | INFO | Application Layer  | burn x = 300 y = 400
2026-01-11 16:27:24 | INFO | Application Layer  | send health data
2026-01-11 16:27:25 | INFO | Application Layer  | exit orbit
2026-01-13 18:38:34 | INFO | Application Layer  | burn x = 200 y = 200
2026-01-13 18:38:34 | INFO | Application Layer  | burn x = 200 y = 200
2026-01-13 18:38:35 | INFO | Application Layer  | send health data
2026-01-13 18:38:36 | INFO | Application Layer  | burn x = 300 y = 400
2026-01-13 18:38:37 | INFO | Application Layer  | send health data
2026-01-13 18:38:38 | INFO | Application Layer  | exit orbit
2026-01-13 18:38:39 | INFO | Application Layer  | burn x = 300 y = 400
2026-01-13 18:38:40 | INFO | Application Layer  | send health data
2026-01-13 18:38:41 | INFO | Application Layer  | exit orbit
2026-01-20 19:07:27 | INFO | Application Layer  | burn x = 200 y = 200
2026-01-20 19:07:28 | INFO | Application Layer  | send health data
2026-01-20 19:07:28 | INFO | Application Layer  | send health data
2026-01-20 19:07:29 | INFO | Application Layer  | burn x = 300 y = 400
2026-01-20 19:07:30 | INFO | Application Layer  | send health data
2026-01-20 19:07:31 | INFO | Application Layer  | exit orbit
2026-01-20 19:07:32 | INFO | Application Layer  | burn x = 300 y = 400
2026-01-20 19:07:33 | INFO | Application Layer  | send health data
2026-01-20 19:07:34 | INFO | Application Layer  | exit orbit
2026-01-20 19:08:22 | INFO | Application Layer  | burn x = 200 y = 200
2026-01-20 19:08:22 | INFO | Application Layer  | burn x = 200 y = 200
2026-01-20 19:08:23 | INFO | Application Layer  | send health data
2026-01-20 19:08:23 | INFO | Application Layer  | send health data
2026-01-20 19:08:24 | INFO | Application Layer  | burn x = 300 y = 400
2026-01-20 19:08:25 | INFO | Application Layer  | send health data
2026-01-20 19:08:26 | INFO | Application Layer  | exit orbit
2026-01-20 19:08:27 | INFO | Application Layer  | burn x = 300 y = 400
2026-01-20 19:08:28 | INFO | Application Layer  | send health data
2026-01-20 19:08:29 | INFO | Application Layer  | exit orbit
2026-01-20 19:25:25 | INFO | Application Layer  | burn x = 200 y = 200
2026-01-20 19:25:26 | INFO | Application Layer  | send health data
2026-01-20 19:25:26 | INFO | Application Layer  | send health data
2026-01-20 19:25:27 | INFO | Application Layer  | burn x = 300 y = 400
2026-01-20 19:25:28 | INFO | Application Layer  | send health data
2026-01-20 19:25:29 | INFO | Application Layer  | exit orbit
2026-01-20 19:25:30 | INFO | Application Layer  | burn x = 300 y = 400
2026-01-20 19:25:31 | INFO | Application Layer  | send health data
2026-01-20 19:25:32 | INFO | Application Layer  | exit orbit
2026-01-20 19:27:17 | INFO | Application Layer  | burn x = 200 y = 200
2026-01-20 19:27:17 | INFO | Application Layer  | burn x = 200 y = 200
2026-01-20 19:27:18 | INFO | Application Layer  | send health data
2026-01-20 19:27:18 | INFO | Application Layer  | send health data
2026-01-20 19:27:19 | INFO | Application Layer  | burn x = 300 y = 400
2026-01-20 19:27:20 | INFO | Application Layer  | send health data
2026-01-20 19:27:21 | INFO | Application Layer  | exit orbit
2026-01-20 19:27:22 | INFO | Application Layer  | burn x = 300 y = 400
2026-01-20 19:27:23 | INFO | Application Layer  | send health data
2026-01-20 19:27:24 | INFO | Application Layer  | exit orbit
2026-01-20 19:27:28 | INFO | Application Layer  | burn x = 200 y = 200
2026-01-20 19:27:28 | INFO | Application Layer  | burn x = 200 y = 200
2026-01-20 19:27:29 | INFO | Application Layer  | send health data
2026-01-20 19:27:29 | INFO | Application Layer  | send health data
2026-01-20 19:27:30 | INFO | Application Layer  | burn x = 300 y = 400
2026-01-20 19:27:31 | INFO | Application Layer  | send health data
2026-01-20 19:27:32 | INFO | Application Layer  | exit orbit
2026-01-20 19:27:33 | INFO | Application Layer  | burn x = 300 y = 400
2026-01-20 19:27:34 | INFO | Application Layer  | send health data
2026-01-20 19:27:35 | INFO | Application Layer  | exit orbit
2026-01-20 19:29:15 | INFO | Application Layer  | burn x = 200 y = 200
2026-01-20 19:29:15 | INFO | Application Layer  | burn x = 200 y = 200
2026-01-20 19:29:16 | INFO | Application Layer  | send health data
2026-01-20 19:29:16 | INFO | Application Layer  | send health data
2026-01-20 19:29:17 | INFO | Application Layer  | burn x = 300 y = 400
2026-01-20 19:29:18 | INFO | Application Layer  | send health data
2026-01-20 19:29:19 | INFO | Application Layer  | exit orbit
2026-01-20 19:29:21 | INFO | Application Layer  | burn x = 300 y = 400
2026-01-20 19:29:22 | INFO | Application Layer  | send health data
2026-01-20 19:29:23 | INFO | Application Layer  | exit orbit
2026-01-20 19:29:39 | INFO | Application Layer  | burn x = 200 y = 200
2026-01-20 19:29:39 | INFO | Application Layer  | burn x = 200 y = 200
2026-01-20 19:29:40 | INFO | Application Layer  | send health data
2026-01-20 19:29:40 | INFO | Application Layer  | send health data
2026-01-20 19:29:41 | INFO | Application Layer  | burn x = 300 y = 400
2026-01-20 19:29:42 | INFO | Application Layer  | send health data
2026-01-20 19:29:43 | INFO | Application Layer  | exit orbit
2026-01-20 19:29:44 | INFO | Application Layer  | burn x = 300 y = 400
2026-01-20 19:29:45 | INFO | Application Layer  | send health data
2026-01-20 19:29:46 | INFO | Application Layer  | exit orbit
2026-01-21 17:45:22 | INFO | Application Layer  | burn x = 200 y = 200
2026-01-21 17:45:22 | INFO | Application Layer  | burn x = 200 y = 200
2026-01-21 17:45:23 | INFO | Application Layer  | send health data
2026-01-21 17:45:24 | INFO | Application Layer  | burn x = 300 y = 400
2026-01-21 17:45:25 | INFO | Application Layer  | send health data
2026-01-21 17:45:26 | INFO | Application Layer  | exit orbit
2026-01-21 17:45:27 | INFO | Application Layer  | burn x = 300 y = 400
2026-01-21 17:45:28 | INFO | Application Layer  | send health data
2026-01-21 17:45:29 | INFO | Application Layer  | exit orbit
2026-01-21 17:45:59 | INFO | Application Layer  | burn x = 200 y = 200
2026-01-21 17:45:59 | INFO | Application Layer  | burn x = 200 y = 200
2026-01-21 17:46:00 | INFO | Application Layer  | send health data
2026-01-21 17:46:00 | INFO | Application Layer  | send health data
2026-01-21 17:46:01 | INFO | Application Layer  | burn x = 300 y = 400
2026-01-21 17:46:02 | INFO | Application Layer  | send health data
2026-01-21 17:46:03 | INFO | Application Layer  | exit orbit
2026-01-21 17:46:04 | INFO | Application Layer  | burn x = 300 y = 400
2026-01-21 17:46:05 | INFO | Application Layer  | send health data
2026-01-21 17:46:06 | INFO | Application Layer  | exit orbit
2026-01-21 17:52:19 | INFO | Application Layer  | burn x = 200 y = 200
2026-01-21 17:52:19 | INFO | Application Layer  | burn x = 200 y = 200
2026-01-21 17:52:20 | INFO | Application Layer  | send health data
2026-01-21 17:52:22 | INFO | Application Layer  | burn x = 300 y = 400
2026-01-21 17:52:23 | INFO | Application Layer  | send health data
2026-01-21 17:52:24 | INFO | Application Layer  | exit orbit
2026-01-21 17:52:25 | INFO | Application Layer  | burn x = 300 y = 400
2026-01-21 17:52:26 | INFO | Application Layer  | send health data
2026-01-21 17:52:27 | INFO | Application Layer  | exit orbit
2026-01-21 17:53:56 | INFO | Application Layer  | burn x = 200 y = 200
2026-01-21 17:53:56 | INFO | Application Layer  | burn x = 200 y = 200
2026-01-21 17:53:57 | INFO | Application Layer  | send health data
2026-01-21 17:53:57 | INFO | Application Layer  | send health data
2026-01-21 17:53:58 | INFO | Application Layer  | burn x = 300 y = 400
2026-01-21 17:53:59 | INFO | Application Layer  | send health data
2026-01-21 17:54:00 | INFO | Application Layer  | exit orbit
2026-01-21 17:54:01 | INFO | Application Layer  | burn x = 300 y = 400
2026-01-21 17:54:02 | INFO | Application Layer  | send health data
2026-01-21 17:54:03 | INFO | Application Layer  | exit orbit
2026-01-21 17:59:38 | INFO | Application Layer  | burn x = 200 y = 200
2026-01-21 17:59:38 | INFO | Application Layer  | burn x = 200 y = 200
2026-01-21 17:59:39 | INFO | Application Layer  | send health data
2026-01-21 17:59:39 | INFO | Application Layer  | send health data
2026-01-21 17:59:40 | INFO | Application Layer  | burn x = 300 y = 400
2026-01-21 17:59:41 | INFO | Application Layer  | send health data
2026-01-21 17:59:42 | INFO | Application Layer  | exit orbit
2026-01-21 17:59:43 | INFO | Application Layer  | burn x = 300 y = 400
2026-01-21 17:59:44 | INFO | Application Layer  | send health data
2026-01-21 17:59:45 | INFO | Application Layer  | exit orbit
2026-01-21 18:00:04 | INFO | Application Layer  | burn x = 200 y = 200
2026-01-21 18:00:04 | INFO | Application Layer  | burn x = 200 y = 200
2026-01-21 18:00:05 | INFO | Application Layer  | send health data
2026-01-21 18:00:06 | INFO | Application Layer  | burn x = 300 y = 400
2026-01-21 18:00:07 | INFO | Application Layer  | send health data
2026-01-21 18:00:08 | INFO | Application Layer  | exit orbit
2026-01-21 18:00:09 | INFO | Application Layer  | burn x = 300 y = 400
2026-01-21 18:00:10 | INFO | Application Layer  | send health data
2026-01-21 18:00:11 | INFO | Application Layer  | exit orbit
2026-01-21 18:00:37 | INFO | Application Layer  | burn x = 200 y = 200
2026-01-21 18:00:38 | INFO | Application Layer  | send health data
2026-01-21 18:00:39 | INFO | Application Layer  | burn x = 300 y = 400
2026-01-21 18:00:40 | INFO | Application Layer  | send health data
2026-01-21 18:00:42 | INFO | Application Layer  | burn x = 300 y = 400
2026-01-21 18:00:43 | INFO | Application Layer  | send health data
2026-01-21 18:00:44 | INFO | Application Layer  | exit orbit
2026-01-21 18:02:54 | INFO | Application Layer  | burn x = 200 y = 200
2026-01-21 18:02:54 | INFO | Application Layer  | burn x = 200 y = 200
2026-01-21 18:02:55 | INFO | Application Layer  | send health data
2026-01-21 18:02:56 | INFO | Application Layer  | burn x = 300 y = 400
2026-01-21 18:02:57 | INFO | Application Layer  | send health data
2026-01-21 18:02:58 | INFO | Application Layer  | exit orbit
2026-01-21 18:02:59 | INFO | Application Layer  | burn x = 300 y = 400
2026-01-21 18:03:00 | INFO | Application Layer  | send health data
2026-01-21 18:03:01 | INFO | Application Layer  | exit orbit
2026-01-21 18:03:06 | INFO | Application Layer  | burn x = 200 y = 200
2026-01-21 18:03:06 | INFO | Application Layer  | burn x = 200 y = 200
2026-01-21 18:03:07 | INFO | Application Layer  | send health data
2026-01-21 18:03:07 | INFO | Application Layer  | send health data
2026-01-21 18:03:08 | INFO | Application Layer  | burn x = 300 y = 400
2026-01-21 18:03:09 | INFO | Application Layer  | send health data
2026-01-21 18:03:11 | INFO | Application Layer  | burn x = 300 y = 400
2026-01-21 18:03:12 | INFO | Application Layer  | send health data
2026-01-21 18:03:13 | INFO | Application Layer  | exit orbit
2026-01-21 18:03:15 | INFO | Application Layer  | burn x = 200 y = 200
2026-01-21 18:03:15 | INFO | Application Layer  | burn x = 200 y = 200
2026-01-21 18:03:16 | INFO | Application Layer  | send health data
2026-01-21 18:03:17 | INFO | Application Layer  | burn x = 300 y = 400
2026-01-21 18:03:18 | INFO | Application Layer  | send health data
2026-01-21 18:03:19 | INFO | Application Layer  | exit orbit
2026-01-21 18:03:20 | INFO | Application Layer  | burn x = 300 y = 400
2026-01-21 18:03:21 | INFO | Application Layer  | send health data
2026-01-21 18:03:22 | INFO | Application Layer  | exit orbit
2026-01-21 18:04:03 | INFO | Application Layer  | burn x = 200 y = 200
2026-01-21 18:04:03 | INFO | Application Layer  | burn x = 200 y = 200
2026-01-21 18:04:04 | INFO | Application Layer  | send health data
2026-01-21 18:04:05 | INFO | Application Layer  | burn x = 300 y = 400
2026-01-21 18:04:06 | INFO | Application Layer  | send health data
2026-01-21 18:04:07 | INFO | Application Layer  | exit orbit
2026-01-21 18:04:08 | INFO | Application Layer  | burn x = 300 y = 400
2026-01-21 18:04:09 | INFO | Application Layer  | send health data
2026-01-21 18:04:10 | INFO | Application Layer  | exit orbit
2026-01-21 18:04:58 | INFO | Application Layer  | burn x = 200 y = 200
2026-01-21 18:04:58 | INFO | Application Layer  | burn x = 200 y = 200
2026-01-21 18:04:59 | INFO | Application Layer  | send health data
2026-01-21 18:04:59 | INFO | Application Layer  | send health data
2026-01-21 18:05:00 | INFO | Application Layer  | burn x = 300 y = 400
2026-01-21 18:05:01 | INFO | Application Layer  | send health data
2026-01-21 18:05:02 | INFO | Application Layer  | exit orbit
2026-01-21 18:05:03 | INFO | Application Layer  | burn x = 300 y = 400
2026-01-21 18:05:04 | INFO | Application Layer  | send health data
2026-01-21 18:05:05 | INFO | Application Layer  | exit orbit
2026-01-21 18:05:16 | INFO | Application Layer  | burn x = 200 y = 200
2026-01-21 18:05:16 | INFO | Application Layer  | burn x = 200 y = 200
2026-01-21 18:05:17 | INFO | Application Layer  | send health data
2026-01-21 18:05:18 | INFO | Application Layer  | burn x = 300 y = 400
2026-01-21 18:05:19 | INFO | Application Layer  | send health data
2026-01-21 18:05:21 | INFO | Application Layer  | burn x = 300 y = 400
2026-01-21 18:05:22 | INFO | Application Layer  | send health data
2026-01-21 18:05:23 | INFO | Application Layer  | exit orbit
2026-01-21 18:05:55 | INFO | Application Layer  | burn x = 200 y = 200
2026-01-21 18:05:55 | INFO | Application Layer  | burn x = 200 y = 200
2026-01-21 18:05:56 | INFO | Application Layer  | send health data
2026-01-21 18:05:57 | INFO | Application Layer  | burn x = 300 y = 400
2026-01-21 18:05:58 | INFO | Application Layer  | send health data
2026-01-21 18:05:59 | INFO | Application Layer  | exit orbit
2026-01-21 18:06:00 | INFO | Application Layer  | burn x = 300 y = 400
2026-01-21 18:06:01 | INFO | Application Layer  | send health data
2026-01-21 18:06:02 | INFO | Application Layer  | exit orbit
2026-01-21 18:06:58 | INFO | Application Layer  | burn x = 200 y = 200
2026-01-21 18:06:58 | INFO | Application Layer  | burn x = 200 y = 200
2026-01-21 18:06:59 | INFO | Application Layer  | send health data
2026-01-21 18:06:59 | INFO | Application Layer  | send health data
2026-01-21 18:07:00 | INFO | Application Layer  | burn x = 300 y = 400
2026-01-21 18:07:01 | INFO | Application Layer  | send health data
2026-01-21 18:07:02 | INFO | Application Layer  | exit orbit
2026-01-21 18:07:03 | INFO | Application Layer  | burn x = 300 y = 400
2026-01-21 18:08:08 | INFO | Application Layer  | burn x = 200 y = 200
2026-01-21 18:08:08 | INFO | Application Layer  | burn x = 200 y = 200
2026-01-21 18:08:09 | INFO | Application Layer  | send health data
2026-01-21 18:08:10 | INFO | Application Layer  | burn x = 300 y = 400
2026-01-21 18:08:11 | INFO | Application Layer  | send health data
2026-01-21 18:09:02 | INFO | Application Layer  | burn x = 200 y = 200
2026-01-21 18:09:03 | INFO | Application Layer  | send health data
2026-01-21 18:09:04 | INFO | Application Layer  | burn x = 300 y = 400
2026-01-21 18:09:05 | INFO | Application Layer  | send health data
2026-01-21 18:09:07 | INFO | Application Layer  | burn x = 300 y = 400
2026-01-21 18:09:08 | INFO | Application Layer  | send health data
2026-01-21 18:09:18 | INFO | Application Layer  | burn x = 200 y = 200
2026-01-21 18:09:18 | INFO | Application Layer  | burn x = 200 y = 200
2026-01-21 18:09:19 | INFO | Application Layer  | send health data
2026-01-21 18:09:20 | INFO | Application Layer  | burn x = 300 y = 400
2026-01-21 18:09:21 | INFO | Application Layer  | send health data
2026-01-21 18:09:22 | INFO | Application Layer  | exit orbit
2026-01-21 18:09:23 | INFO | Application Layer  | burn x = 300 y = 400
2026-01-21 18:09:24 | INFO | Application Layer  | send health data
2026-01-21 18:09:25 | INFO | Application Layer  | exit orbit
2026-01-21 18:15:38 | INFO | Application Layer  | burn x = 200 y = 200
2026-01-21 18:15:38 | INFO | Application Layer  | burn x = 200 y = 200
2026-01-21 18:15:39 | INFO | Application Layer  | send health data
2026-01-21 18:15:39 | INFO | Application Layer  | send health data
2026-01-21 18:15:40 | INFO | Application Layer  | burn x = 300 y = 400
2026-01-21 18:15:41 | INFO | Application Layer  | send health data
2026-01-21 18:15:42 | INFO | Application Layer  | exit orbit
2026-01-21 18:15:43 | INFO | Application Layer  | burn x = 300 y = 400
2026-01-21 18:15:44 | INFO | Application Layer  | send health data
2026-01-21 18:15:45 | INFO | Application Layer  | exit orbit
2026-01-21 18:18:00 | INFO | Application Layer  | burn x = 200 y = 200
2026-01-21 18:18:00 | INFO | Application Layer  | burn x = 200 y = 200
2026-01-21 18:18:01 | INFO | Application Layer  | send health data
2026-01-21 18:18:01 | INFO | Application Layer  | send health data
2026-01-21 18:18:02 | INFO | Application Layer  | burn x = 300 y = 400
2026-01-21 18:18:03 | INFO | Application Layer  | send health data
00
2026-01-21 18:18:04 | INFO | Application Layer  | exit orbit
2026-01-21 18:18:04 | INFO | Application Layer  | send health data
2026-01-21 18:18:06 | INFO | Application Layer  | exit orbit
2026-01-21 18:18:46 | INFO | Application Layer  | burn x = 200 y = 200
2026-01-21 18:18:46 | INFO | Application Layer  | burn x = 200 y = 200
2026-01-21 18:18:47 | INFO | Application Layer  | send health data
2026-01-21 18:18:47 | INFO | Application Layer  | send health data
2026-01-21 18:18:48 | INFO | Application Layer  | connected uplink mode
2026-01-21 18:18:49 | INFO | Application Layer  | burn x = 300 y = 400
2026-01-21 18:18:49 | INFO | Application Layer  | burn x = 300 y = 400
2026-01-21 18:18:50 | INFO | Application Layer  | send health data
2026-01-21 18:18:51 | INFO | Application Layer  | connected downlink mode
2026-01-21 18:18:52 | INFO | Application Layer  | exit orbit
2026-01-21 18:18:52 | INFO | Application Layer  | exit orbit
2026-01-21 18:22:02 | INFO | Application Layer  | burn x = 200 y = 200
2026-01-21 18:22:02 | INFO | Application Layer  | burn x = 200 y = 200
2026-01-21 18:22:03 | INFO | Application Layer  | send health data
2026-01-21 18:22:04 | INFO | Application Layer  | connected uplink mode
2026-01-21 18:22:05 | INFO | Application Layer  | burn x = 300 y = 400
2026-01-21 18:22:06 | INFO | Application Layer  | send health data
2026-01-21 18:22:07 | INFO | Application Layer  | connected downlink mode
2026-01-21 18:22:08 | INFO | Application Layer  | exit orbit
2026-01-21 18:22:54 | INFO | Application Layer  | burn x = 200 y = 200
2026-01-21 18:22:54 | INFO | Application Layer  | burn x = 200 y = 200
2026-01-21 18:22:55 | INFO | Application Layer  | send health data
2026-01-21 18:22:57 | INFO | Application Layer  | burn x = 300 y = 400
2026-01-21 18:24:01 | INFO | Application Layer  | burn x = 200 y = 200
2026-01-21 18:24:01 | INFO | Application Layer  | burn x = 200 y = 200
2026-01-21 18:24:02 | INFO | Application Layer  | send health data
2026-01-21 18:24:04 | INFO | Application Layer  | burn x = 300 y = 400
2026-01-21 18:24:05 | INFO | Application Layer  | send health data
2026-01-21 18:24:07 | INFO | Application Layer  | exit orbit
2026-01-21 18:24:32 | INFO | Application Layer  | burn x = 200 y = 200
2026-01-21 18:24:32 | INFO | Application Layer  | burn x = 200 y = 200
2026-01-21 18:24:33 | INFO | Application Layer  | send health data
2026-01-21 18:24:35 | INFO | Application Layer  | burn x = 300 y = 400
2026-01-21 18:24:36 | INFO | Application Layer  | send health data
2026-01-21 18:24:38 | INFO | Application Layer  | exit orbit
2026-01-21 18:25:15 | INFO | Application Layer  | burn x = 200 y = 200
2026-01-21 18:25:15 | INFO | Application Layer  | burn x = 200 y = 200
2026-01-21 18:25:16 | INFO | Application Layer  | send health data
2026-01-21 18:25:18 | INFO | Application Layer  | burn x = 300 y = 400
2026-01-21 18:25:19 | INFO | Application Layer  | send health data
2026-01-21 18:25:21 | INFO | Application Layer  | exit orbit
2026-01-21 18:26:41 | INFO | Application Layer  | burn x = 200 y = 200
2026-01-21 18:26:41 | INFO | Application Layer  | burn x = 200 y = 200
2026-01-21 18:26:42 | INFO | Application Layer  | send health data
2026-01-21 18:26:42 | INFO | Application Layer  | send health data
2026-01-21 18:26:43 | INFO | Application Layer  | connected uplink mode
2026-01-21 18:26:44 | INFO | Application Layer  | burn x = 300 y = 400
2026-01-21 18:26:44 | INFO | Application Layer  | burn x = 300 y = 400
2026-01-21 18:26:45 | INFO | Application Layer  | send health data
2026-01-21 18:26:45 | INFO | Application Layer  | send health data
2026-01-21 18:26:46 | INFO | Application Layer  | connected downlink mode
2026-01-21 18:26:47 | INFO | Application Layer  | exit orbit
