2026-01-11 16:01:12 | INFO | Session Layer      | b'\x10\x16\x1a\x16\n\x14burn x = 200 y = 200'
2026-01-11 16:01:12 | INFO | Session Layer      | b'\x10\x15\x1a\x16\n\x14burn x = 200 y = 200'
2026-01-11 16:01:13 | INFO | Session Layer      | b'\x10\x16\x1a\x12\n\x10send health data'
2026-01-11 16:01:13 | INFO | Session Layer      | b'\x10\x16\x1a\x12\n\x10send health data'
2026-01-11 16:01:14 | INFO | Session Layer      | b'\x10\x16\x1a\x16\n\x14burn x = 300 y = 400'
2026-01-11 16:01:15 | INFO | Session Layer      | b'\x10\x16\x1a\x12\n\x10send health data'
2026-01-11 16:01:16 | INFO | Session Layer      | b'\x10\x16\x1a\x0c\n\nexit orbit'
2026-01-11 16:01:17 | INFO | Session Layer      | state changing to: SessionMode.CONNECTED_UPLINK
2026-01-11 16:01:17 | INFO | Session Layer      | b'\x10\x16\x1a\x16\n\x14burn x = 300 y = 400'
2026-01-11 16:01:18 | INFO | Session Layer      | state changing to: SessionMode.CONNECTED_DOWNLINK
2026-01-11 16:01:18 | INFO | Session Layer      | b'\x10\x16\x1a\x12\n\x10send health data'
2026-01-11 16:01:19 | INFO | Session Layer      | state changing to: SessionMode.CONNECTIONLESS_DOWNLINK
2026-01-11 16:01:19 | INFO | Session Layer      | b'\x10\x16\x1a\x0c\n\nexit orbit'
2026-01-11 16:15:53 | INFO | Session Layer      | b'\x10\x16\x1a\x16\n\x14burn x = 200 y = 200'
2026-01-11 16:15:54 | INFO | Session Layer      | b'\x10\x17\x1a\x12\n\x10send health data'
2026-01-11 16:15:54 | INFO | Session Layer      | b'\x10\x17\x1a\x12\n\x10send health data'
2026-01-11 16:15:55 | INFO | Session Layer      | b'\x10\x17\x1a\x16\n\x14burn x = 300 y = 400'
2026-01-11 16:15:56 | INFO | Session Layer      | b'\x10\x17\x1a\x12\n\x10send health data'
2026-01-11 16:15:57 | INFO | Session Layer      | b'\x10\x17\x1a\x0c\n\nexit orbit'
2026-01-11 16:15:58 | INFO | Session Layer      | state changing to: SessionMode.CONNECTED_UPLINK
2026-01-11 16:15:58 | INFO | Session Layer      | b'\x10\x17\x1a\x16\n\x14burn x = 300 y = 400'
2026-01-11 16:15:59 | INFO | Session Layer      | state changing to: SessionMode.CONNECTED_DOWNLINK
2026-01-11 16:15:59 | INFO | Session Layer      | b'\x10\x17\x1a\x12\n\x10send health data'
2026-01-11 16:16:00 | INFO | Session Layer      | state changing to: SessionMode.CONNECTIONLESS_DOWNLINK
2026-01-11 16:16:00 | INFO | Session Layer      | b'\x10\x17\x1a\x0c\n\nexit orbit'
2026-01-11 16:21:27 | INFO | Session Layer      | b'\x10\x17\x1a\x16\n\x14burn x = 200 y = 200'
2026-01-11 16:21:27 | INFO | Session Layer      | b'\x10\x18\x1a\x16\n\x14burn x = 200 y = 200'
2026-01-11 16:21:28 | INFO | Session Layer      | b'\x10\x18\x1a\x12\n\x10send health data'
2026-01-11 16:21:28 | INFO | Session Layer      | b'\x10\x18\x1a\x12\n\x10send health data'
2026-01-11 16:21:29 | INFO | Session Layer      | b'\x10\x18\x1a\x16\n\x14burn x = 300 y = 400'
2026-01-11 16:21:30 | INFO | Session Layer      | b'\x10\x18\x1a\x12\n\x10send health data'
2026-01-11 16:21:31 | INFO | Session Layer      | b'\x10\x18\x1a\x0c\n\nexit orbit'
2026-01-11 16:21:32 | INFO | Session Layer      | state changing to: SessionMode.CONNECTED_UPLINK
2026-01-11 16:21:32 | INFO | Session Layer      | b'\x10\x18\x1a\x16\n\x14burn x = 300 y = 400'
2026-01-11 16:21:33 | INFO | Session Layer      | state changing to: SessionMode.CONNECTED_DOWNLINK
2026-01-11 16:21:33 | INFO | Session Layer      | b'\x10\x18\x1a\x12\n\x10send health data'
2026-01-11 16:21:34 | INFO | Session Layer      | state changing to: SessionMode.CONNECTIONLESS_DOWNLINK
2026-01-11 16:21:34 | INFO | Session Layer      | b'\x10\x18\x1a\x0c\n\nexit orbit'
2026-01-11 16:26:32 | INFO | Session Layer      | b'\x10\x18\x1a\x16\n\x14burn x = 200 y = 200'
2026-01-11 16:26:32 | INFO | Session Layer      | b'\x10\x19\x1a\x16\n\x14burn x = 200 y = 200'
2026-01-11 16:26:33 | INFO | Session Layer      | b'\x10\x19\x1a\x12\n\x10send health data'
2026-01-11 16:26:33 | INFO | Session Layer      | b'\x10\x19\x1a\x12\n\x10send health data'
2026-01-11 16:26:34 | INFO | Session Layer      | b'\x10\x19\x1a\x16\n\x14burn x = 300 y = 400'
2026-01-11 16:26:35 | INFO | Session Layer      | b'\x10\x19\x1a\x12\n\x10send health data'
2026-01-11 16:26:36 | INFO | Session Layer      | b'\x10\x19\x1a\x0c\n\nexit orbit'
2026-01-11 16:26:37 | INFO | Session Layer      | state changing to: SessionMode.CONNECTED_UPLINK
2026-01-11 16:26:37 | INFO | Session Layer      | b'\x10\x19\x1a\x16\n\x14burn x = 300 y = 400'
2026-01-11 16:26:38 | INFO | Session Layer      | state changing to: SessionMode.CONNECTED_DOWNLINK
2026-01-11 16:26:38 | INFO | Session Layer      | b'\x10\x19\x1a\x12\n\x10send health data'
2026-01-11 16:26:39 | INFO | Session Layer      | state changing to: SessionMode.CONNECTIONLESS_DOWNLINK
2026-01-11 16:26:39 | INFO | Session Layer      | b'\x10\x19\x1a\x0c\n\nexit orbit'
2026-01-11 16:27:17 | INFO | Session Layer      | b'\x10\x19\x1a\x16\n\x14burn x = 200 y = 200'
2026-01-11 16:27:17 | INFO | Session Layer      | b'\x10\x1a\x1a\x16\n\x14burn x = 200 y = 200'
2026-01-11 16:27:18 | INFO | Session Layer      | b'\x10\x1a\x1a\x12\n\x10send health data'
2026-01-11 16:27:18 | INFO | Session Layer      | b'\x10\x1a\x1a\x12\n\x10send health data'
2026-01-11 16:27:19 | INFO | Session Layer      | b'\x10\x1a\x1a\x16\n\x14burn x = 300 y = 400'
2026-01-11 16:27:20 | INFO | Session Layer      | b'\x10\x1a\x1a\x12\n\x10send health data'
2026-01-11 16:27:21 | INFO | Session Layer      | b'\x10\x1a\x1a\x0c\n\nexit orbit'
2026-01-11 16:27:23 | INFO | Session Layer      | state changing to: SessionMode.CONNECTED_UPLINK
2026-01-11 16:27:23 | INFO | Session Layer      | b'\x10\x1a\x1a\x16\n\x14burn x = 300 y = 400'
2026-01-11 16:27:24 | INFO | Session Layer      | state changing to: SessionMode.CONNECTED_DOWNLINK
2026-01-11 16:27:24 | INFO | Session Layer      | b'\x10\x1a\x1a\x12\n\x10send health data'
2026-01-11 16:27:25 | INFO | Session Layer      | state changing to: SessionMode.CONNECTIONLESS_DOWNLINK
2026-01-11 16:27:25 | INFO | Session Layer      | b'\x10\x1a\x1a\x0c\n\nexit orbit'
